<?xml version="1.0" encoding="UTF-8"?>
<testsuite name="LastPencilTest" tests="1" skipped="0" failures="0" errors="0" timestamp="2024-11-07T10:50:32" hostname="LAPTOP-3M6SQ3JD" time="0.175">
  <properties/>
  <testcase name="start" classname="LastPencilTest" time="0.175"/>
  <system-out><![CDATA[?[1;31m
Start test 1?[0m
|||||||
Your turn!
]]></system-out>
  <system-err><![CDATA[]]></system-err>
</testsuite>
